<?xml version="1.0" encoding="UTF-8"?>
<!-- Generated by org.testng.reporters.JUnitXMLReporter -->
<testsuite hostname="OJAS-DD282" ignored="0" name="Test" tests="4" failures="0" timestamp="15 Jan 2021 09:17:36 GMT" time="0.094" errors="0">
  <testcase name="testcase1" time="0.0" classname="dp.parameterdpTest"/>
  <testcase name="testcase1" time="0.001" classname="dp.parameterdpTest"/>
  <testcase name="testcase1" time="0.0" classname="dp.parameterdpTest"/>
  <testcase name="testcase1" time="0.0" classname="dp.parameterdpTest"/>
</testsuite> <!-- Test -->
