<?xml version="1.0" encoding="UTF-8"?>
<testng-results skipped="0" failed="0" ignored="0" total="4" passed="4">
  <reporter-output>
  </reporter-output>
  <suite name="parameterdpTest" duration-ms="94" started-at="2021-01-15T09:17:35Z" finished-at="2021-01-15T09:17:35Z">
    <groups>
    </groups>
    <test name="Test" duration-ms="94" started-at="2021-01-15T09:17:35Z" finished-at="2021-01-15T09:17:35Z">
      <class name="dp.parameterdpTest">
        <test-method status="PASS" signature="testcase1(java.lang.String, java.lang.String)[pri:0, instance:dp.parameterdpTest@5c7fa833]" name="testcase1" duration-ms="0" started-at="2021-01-15T09:17:35Z" data-provider="myData1" finished-at="2021-01-15T09:17:35Z">
          <params>
            <param index="0">
              <value>
                <![CDATA[User1]]>
              </value>
            </param>
            <param index="1">
              <value>
                <![CDATA[pass1]]>
              </value>
            </param>
          </params>
          <reporter-output>
          </reporter-output>
        </test-method> <!-- testcase1 -->
        <test-method status="PASS" signature="testcase1(java.lang.String, java.lang.String)[pri:0, instance:dp.parameterdpTest@5c7fa833]" name="testcase1" duration-ms="1" started-at="2021-01-15T09:17:35Z" data-provider="myData1" finished-at="2021-01-15T09:17:35Z">
          <params>
            <param index="0">
              <value>
                <![CDATA[User2]]>
              </value>
            </param>
            <param index="1">
              <value>
                <![CDATA[pass2]]>
              </value>
            </param>
          </params>
          <reporter-output>
          </reporter-output>
        </test-method> <!-- testcase1 -->
        <test-method status="PASS" signature="testcase1(java.lang.String, java.lang.String)[pri:0, instance:dp.parameterdpTest@5c7fa833]" name="testcase1" duration-ms="0" started-at="2021-01-15T09:17:35Z" data-provider="myData1" finished-at="2021-01-15T09:17:35Z">
          <params>
            <param index="0">
              <value>
                <![CDATA[User3]]>
              </value>
            </param>
            <param index="1">
              <value>
                <![CDATA[pass3]]>
              </value>
            </param>
          </params>
          <reporter-output>
          </reporter-output>
        </test-method> <!-- testcase1 -->
        <test-method status="PASS" signature="testcase1(java.lang.String, java.lang.String)[pri:0, instance:dp.parameterdpTest@5c7fa833]" name="testcase1" duration-ms="0" started-at="2021-01-15T09:17:35Z" data-provider="myData1" finished-at="2021-01-15T09:17:35Z">
          <params>
            <param index="0">
              <value>
                <![CDATA[User4]]>
              </value>
            </param>
            <param index="1">
              <value>
                <![CDATA[pass4]]>
              </value>
            </param>
          </params>
          <reporter-output>
          </reporter-output>
        </test-method> <!-- testcase1 -->
      </class> <!-- dp.parameterdpTest -->
    </test> <!-- Test -->
  </suite> <!-- parameterdpTest -->
</testng-results>
